<?xml version="1.0" encoding="UTF-8"?>
<testsuite xmlns:xsi="http://www.w3.org/2001/XMLSchema-instance" xsi:noNamespaceSchemaLocation="https://maven.apache.org/surefire/maven-surefire-plugin/xsd/surefire-test-report-3.0.xsd" version="3.0" name="runner.TestsRunner" time="61.231" tests="1" errors="0" skipped="0" failures="0">
  <properties>
    <property name="gopherProxySet" value="false"/>
    <property name="awt.toolkit" value="sun.lwawt.macosx.LWCToolkit"/>
    <property name="file.encoding.pkg" value="sun.io"/>
    <property name="java.specification.version" value="1.8"/>
    <property name="sun.cpu.isalist" value=""/>
    <property name="sun.jnu.encoding" value="UTF-8"/>
    <property name="sun.awt.enableExtraMouseButtons" value="true"/>
    <property name="java.class.path" value="/Users/sushrava.ks/Downloads/assinmentappium/target/test-classes:/Users/sushrava.ks/Downloads/assinmentappium/target/classes:/Users/sushrava.ks/.m2/repository/io/cucumber/cucumber-java/6.10.3/cucumber-java-6.10.3.jar:/Users/sushrava.ks/.m2/repository/org/apiguardian/apiguardian-api/1.1.1/apiguardian-api-1.1.1.jar:/Users/sushrava.ks/.m2/repository/io/cucumber/cucumber-core/6.10.3/cucumber-core-6.10.3.jar:/Users/sushrava.ks/.m2/repository/io/cucumber/cucumber-gherkin/6.10.3/cucumber-gherkin-6.10.3.jar:/Users/sushrava.ks/.m2/repository/io/cucumber/cucumber-gherkin-messages/6.10.3/cucumber-gherkin-messages-6.10.3.jar:/Users/sushrava.ks/.m2/repository/io/cucumber/messages/15.0.0/messages-15.0.0.jar:/Users/sushrava.ks/.m2/repository/io/cucumber/tag-expressions/3.0.1/tag-expressions-3.0.1.jar:/Users/sushrava.ks/.m2/repository/io/cucumber/cucumber-expressions/10.3.0/cucumber-expressions-10.3.0.jar:/Users/sushrava.ks/.m2/repository/io/cucumber/datatable/3.5.0/datatable-3.5.0.jar:/Users/sushrava.ks/.m2/repository/io/cucumber/cucumber-plugin/6.10.3/cucumber-plugin-6.10.3.jar:/Users/sushrava.ks/.m2/repository/io/cucumber/docstring/6.10.3/docstring-6.10.3.jar:/Users/sushrava.ks/.m2/repository/io/cucumber/html-formatter/13.0.0/html-formatter-13.0.0.jar:/Users/sushrava.ks/.m2/repository/io/cucumber/create-meta/4.0.0/create-meta-4.0.0.jar:/Users/sushrava.ks/.m2/repository/io/cucumber/cucumber-testng/6.10.3/cucumber-testng-6.10.3.jar:/Users/sushrava.ks/.m2/repository/org/testng/testng/7.0.0/testng-7.0.0.jar:/Users/sushrava.ks/.m2/repository/com/beust/jcommander/1.72/jcommander-1.72.jar:/Users/sushrava.ks/.m2/repository/io/cucumber/cucumber-picocontainer/6.10.3/cucumber-picocontainer-6.10.3.jar:/Users/sushrava.ks/.m2/repository/org/picocontainer/picocontainer/2.15/picocontainer-2.15.jar:/Users/sushrava.ks/.m2/repository/tech/grasshopper/extentreports-cucumber6-adapter/2.8.1/extentreports-cucumber6-adapter-2.8.1.jar:/Users/sushrava.ks/.m2/repository/com/aventstack/extentreports/5.0.6/extentreports-5.0.6.jar:/Users/sushrava.ks/.m2/repository/io/reactivex/rxjava3/rxjava/3.0.4/rxjava-3.0.4.jar:/Users/sushrava.ks/.m2/repository/org/reactivestreams/reactive-streams/1.0.3/reactive-streams-1.0.3.jar:/Users/sushrava.ks/.m2/repository/org/freemarker/freemarker/2.3.30/freemarker-2.3.30.jar:/Users/sushrava.ks/.m2/repository/org/projectlombok/lombok/1.18.12/lombok-1.18.12.jar:/Users/sushrava.ks/.m2/repository/tech/grasshopper/extent-pdf-report/1.7.1/extent-pdf-report-1.7.1.jar:/Users/sushrava.ks/.m2/repository/tech/grasshopper/cucumber-pdf-report/2.2.1/cucumber-pdf-report-2.2.1.jar:/Users/sushrava.ks/.m2/repository/org/apache/pdfbox/pdfbox/2.0.22/pdfbox-2.0.22.jar:/Users/sushrava.ks/.m2/repository/org/apache/pdfbox/fontbox/2.0.22/fontbox-2.0.22.jar:/Users/sushrava.ks/.m2/repository/org/knowm/xchart/xchart/3.8.0/xchart-3.8.0.jar:/Users/sushrava.ks/.m2/repository/de/erichseifert/vectorgraphics2d/VectorGraphics2D/0.13/VectorGraphics2D-0.13.jar:/Users/sushrava.ks/.m2/repository/de/rototor/pdfbox/graphics2d/0.30/graphics2d-0.30.jar:/Users/sushrava.ks/.m2/repository/com/madgag/animated-gif-lib/1.4/animated-gif-lib-1.4.jar:/Users/sushrava.ks/.m2/repository/org/yaml/snakeyaml/1.28/snakeyaml-1.28.jar:/Users/sushrava.ks/.m2/repository/tech/grasshopper/table-layout/1.2.0/table-layout-1.2.0.jar:/Users/sushrava.ks/.m2/repository/com/aventstack/klov-reporter/5.0.6/klov-reporter-5.0.6.jar:/Users/sushrava.ks/.m2/repository/org/mongodb/bson/3.6.4/bson-3.6.4.jar:/Users/sushrava.ks/.m2/repository/org/apache/httpcomponents/httpmime/4.5.2/httpmime-4.5.2.jar:/Users/sushrava.ks/.m2/repository/org/mongodb/mongodb-driver/3.3.0/mongodb-driver-3.3.0.jar:/Users/sushrava.ks/.m2/repository/org/mongodb/mongodb-driver-core/3.3.0/mongodb-driver-core-3.3.0.jar:/Users/sushrava.ks/.m2/repository/log4j/log4j/1.2.17/log4j-1.2.17.jar:/Users/sushrava.ks/.m2/repository/io/appium/java-client/7.5.1/java-client-7.5.1.jar:/Users/sushrava.ks/.m2/repository/org/seleniumhq/selenium/selenium-java/3.141.59/selenium-java-3.141.59.jar:/Users/sushrava.ks/.m2/repository/org/seleniumhq/selenium/selenium-chrome-driver/3.141.59/selenium-chrome-driver-3.141.59.jar:/Users/sushrava.ks/.m2/repository/org/seleniumhq/selenium/selenium-edge-driver/3.141.59/selenium-edge-driver-3.141.59.jar:/Users/sushrava.ks/.m2/repository/org/seleniumhq/selenium/selenium-firefox-driver/3.141.59/selenium-firefox-driver-3.141.59.jar:/Users/sushrava.ks/.m2/repository/org/seleniumhq/selenium/selenium-ie-driver/3.141.59/selenium-ie-driver-3.141.59.jar:/Users/sushrava.ks/.m2/repository/org/seleniumhq/selenium/selenium-opera-driver/3.141.59/selenium-opera-driver-3.141.59.jar:/Users/sushrava.ks/.m2/repository/org/seleniumhq/selenium/selenium-remote-driver/3.141.59/selenium-remote-driver-3.141.59.jar:/Users/sushrava.ks/.m2/repository/org/seleniumhq/selenium/selenium-safari-driver/3.141.59/selenium-safari-driver-3.141.59.jar:/Users/sushrava.ks/.m2/repository/net/bytebuddy/byte-buddy/1.8.15/byte-buddy-1.8.15.jar:/Users/sushrava.ks/.m2/repository/org/apache/commons/commons-exec/1.3/commons-exec-1.3.jar:/Users/sushrava.ks/.m2/repository/com/google/guava/guava/25.0-jre/guava-25.0-jre.jar:/Users/sushrava.ks/.m2/repository/com/google/code/findbugs/jsr305/1.3.9/jsr305-1.3.9.jar:/Users/sushrava.ks/.m2/repository/org/checkerframework/checker-compat-qual/2.0.0/checker-compat-qual-2.0.0.jar:/Users/sushrava.ks/.m2/repository/com/google/errorprone/error_prone_annotations/2.1.3/error_prone_annotations-2.1.3.jar:/Users/sushrava.ks/.m2/repository/com/google/j2objc/j2objc-annotations/1.1/j2objc-annotations-1.1.jar:/Users/sushrava.ks/.m2/repository/org/codehaus/mojo/animal-sniffer-annotations/1.14/animal-sniffer-annotations-1.14.jar:/Users/sushrava.ks/.m2/repository/com/squareup/okhttp3/okhttp/3.11.0/okhttp-3.11.0.jar:/Users/sushrava.ks/.m2/repository/com/squareup/okio/okio/1.14.0/okio-1.14.0.jar:/Users/sushrava.ks/.m2/repository/org/seleniumhq/selenium/selenium-support/3.141.59/selenium-support-3.141.59.jar:/Users/sushrava.ks/.m2/repository/org/seleniumhq/selenium/selenium-api/3.141.59/selenium-api-3.141.59.jar:/Users/sushrava.ks/.m2/repository/com/google/code/gson/gson/2.8.6/gson-2.8.6.jar:/Users/sushrava.ks/.m2/repository/org/apache/httpcomponents/httpclient/4.5.13/httpclient-4.5.13.jar:/Users/sushrava.ks/.m2/repository/org/apache/httpcomponents/httpcore/4.4.13/httpcore-4.4.13.jar:/Users/sushrava.ks/.m2/repository/commons-logging/commons-logging/1.2/commons-logging-1.2.jar:/Users/sushrava.ks/.m2/repository/commons-codec/commons-codec/1.11/commons-codec-1.11.jar:/Users/sushrava.ks/.m2/repository/cglib/cglib/3.3.0/cglib-3.3.0.jar:/Users/sushrava.ks/.m2/repository/org/ow2/asm/asm/7.1/asm-7.1.jar:/Users/sushrava.ks/.m2/repository/commons-validator/commons-validator/1.7/commons-validator-1.7.jar:/Users/sushrava.ks/.m2/repository/commons-beanutils/commons-beanutils/1.9.4/commons-beanutils-1.9.4.jar:/Users/sushrava.ks/.m2/repository/commons-digester/commons-digester/2.1/commons-digester-2.1.jar:/Users/sushrava.ks/.m2/repository/commons-collections/commons-collections/3.2.2/commons-collections-3.2.2.jar:/Users/sushrava.ks/.m2/repository/org/apache/commons/commons-lang3/3.12.0/commons-lang3-3.12.0.jar:/Users/sushrava.ks/.m2/repository/commons-io/commons-io/2.8.0/commons-io-2.8.0.jar:/Users/sushrava.ks/.m2/repository/org/springframework/spring-context/5.3.4/spring-context-5.3.4.jar:/Users/sushrava.ks/.m2/repository/org/springframework/spring-aop/5.3.4/spring-aop-5.3.4.jar:/Users/sushrava.ks/.m2/repository/org/springframework/spring-beans/5.3.4/spring-beans-5.3.4.jar:/Users/sushrava.ks/.m2/repository/org/springframework/spring-core/5.3.4/spring-core-5.3.4.jar:/Users/sushrava.ks/.m2/repository/org/springframework/spring-jcl/5.3.4/spring-jcl-5.3.4.jar:/Users/sushrava.ks/.m2/repository/org/springframework/spring-expression/5.3.4/spring-expression-5.3.4.jar:/Users/sushrava.ks/.m2/repository/org/aspectj/aspectjweaver/1.9.6/aspectjweaver-1.9.6.jar:/Users/sushrava.ks/.m2/repository/org/slf4j/slf4j-api/1.7.30/slf4j-api-1.7.30.jar:/Users/sushrava.ks/.m2/repository/net/masterthought/cucumber-reporting/5.7.5/cucumber-reporting-5.7.5.jar:/Users/sushrava.ks/.m2/repository/com/fasterxml/jackson/core/jackson-databind/2.13.2.2/jackson-databind-2.13.2.2.jar:/Users/sushrava.ks/.m2/repository/com/fasterxml/jackson/core/jackson-annotations/2.13.2/jackson-annotations-2.13.2.jar:/Users/sushrava.ks/.m2/repository/com/fasterxml/jackson/core/jackson-core/2.13.2/jackson-core-2.13.2.jar:/Users/sushrava.ks/.m2/repository/com/fasterxml/jackson/datatype/jackson-datatype-jsr310/2.13.2/jackson-datatype-jsr310-2.13.2.jar:/Users/sushrava.ks/.m2/repository/org/apache/velocity/velocity-engine-core/2.3/velocity-engine-core-2.3.jar:/Users/sushrava.ks/.m2/repository/org/apache/commons/commons-collections4/4.4/commons-collections4-4.4.jar:/Users/sushrava.ks/.m2/repository/joda-time/joda-time/2.12.2/joda-time-2.12.2.jar:/Users/sushrava.ks/.m2/repository/org/codehaus/plexus/plexus-utils/3.5.0/plexus-utils-3.5.0.jar:/Users/sushrava.ks/.m2/repository/org/jsoup/jsoup/1.15.4/jsoup-1.15.4.jar:/Users/sushrava.ks/.m2/repository/com/googlecode/owasp-java-html-sanitizer/owasp-java-html-sanitizer/20220608.1/owasp-java-html-sanitizer-20220608.1.jar:/Users/sushrava.ks/.m2/repository/commons-configuration/commons-configuration/1.10/commons-configuration-1.10.jar:/Users/sushrava.ks/.m2/repository/commons-lang/commons-lang/2.6/commons-lang-2.6.jar:"/>
    <property name="java.vm.vendor" value="Oracle Corporation"/>
    <property name="sun.arch.data.model" value="64"/>
    <property name="sun.font.fontmanager" value="sun.font.CFontManager"/>
    <property name="java.vendor.url" value="http://java.oracle.com/"/>
    <property name="user.timezone" value="Asia/Kolkata"/>
    <property name="java.vm.specification.version" value="1.8"/>
    <property name="os.name" value="Mac OS X"/>
    <property name="user.country" value="IN"/>
    <property name="sun.java.launcher" value="SUN_STANDARD"/>
    <property name="sun.boot.library.path" value="/Library/Java/JavaVirtualMachines/jdk-1.8.jdk/Contents/Home/jre/lib"/>
    <property name="sun.java.command" value="/Users/sushrava.ks/Downloads/assinmentappium/target/surefire/surefirebooter-20250128095932708_3.jar /Users/sushrava.ks/Downloads/assinmentappium/target/surefire 2025-01-28T09-59-32_262-jvmRun1 surefire-20250128095932708_1tmp surefire_0-20250128095932708_2tmp"/>
    <property name="surefire.test.class.path" value="/Users/sushrava.ks/Downloads/assinmentappium/target/test-classes:/Users/sushrava.ks/Downloads/assinmentappium/target/classes:/Users/sushrava.ks/.m2/repository/io/cucumber/cucumber-java/6.10.3/cucumber-java-6.10.3.jar:/Users/sushrava.ks/.m2/repository/org/apiguardian/apiguardian-api/1.1.1/apiguardian-api-1.1.1.jar:/Users/sushrava.ks/.m2/repository/io/cucumber/cucumber-core/6.10.3/cucumber-core-6.10.3.jar:/Users/sushrava.ks/.m2/repository/io/cucumber/cucumber-gherkin/6.10.3/cucumber-gherkin-6.10.3.jar:/Users/sushrava.ks/.m2/repository/io/cucumber/cucumber-gherkin-messages/6.10.3/cucumber-gherkin-messages-6.10.3.jar:/Users/sushrava.ks/.m2/repository/io/cucumber/messages/15.0.0/messages-15.0.0.jar:/Users/sushrava.ks/.m2/repository/io/cucumber/tag-expressions/3.0.1/tag-expressions-3.0.1.jar:/Users/sushrava.ks/.m2/repository/io/cucumber/cucumber-expressions/10.3.0/cucumber-expressions-10.3.0.jar:/Users/sushrava.ks/.m2/repository/io/cucumber/datatable/3.5.0/datatable-3.5.0.jar:/Users/sushrava.ks/.m2/repository/io/cucumber/cucumber-plugin/6.10.3/cucumber-plugin-6.10.3.jar:/Users/sushrava.ks/.m2/repository/io/cucumber/docstring/6.10.3/docstring-6.10.3.jar:/Users/sushrava.ks/.m2/repository/io/cucumber/html-formatter/13.0.0/html-formatter-13.0.0.jar:/Users/sushrava.ks/.m2/repository/io/cucumber/create-meta/4.0.0/create-meta-4.0.0.jar:/Users/sushrava.ks/.m2/repository/io/cucumber/cucumber-testng/6.10.3/cucumber-testng-6.10.3.jar:/Users/sushrava.ks/.m2/repository/org/testng/testng/7.0.0/testng-7.0.0.jar:/Users/sushrava.ks/.m2/repository/com/beust/jcommander/1.72/jcommander-1.72.jar:/Users/sushrava.ks/.m2/repository/io/cucumber/cucumber-picocontainer/6.10.3/cucumber-picocontainer-6.10.3.jar:/Users/sushrava.ks/.m2/repository/org/picocontainer/picocontainer/2.15/picocontainer-2.15.jar:/Users/sushrava.ks/.m2/repository/tech/grasshopper/extentreports-cucumber6-adapter/2.8.1/extentreports-cucumber6-adapter-2.8.1.jar:/Users/sushrava.ks/.m2/repository/com/aventstack/extentreports/5.0.6/extentreports-5.0.6.jar:/Users/sushrava.ks/.m2/repository/io/reactivex/rxjava3/rxjava/3.0.4/rxjava-3.0.4.jar:/Users/sushrava.ks/.m2/repository/org/reactivestreams/reactive-streams/1.0.3/reactive-streams-1.0.3.jar:/Users/sushrava.ks/.m2/repository/org/freemarker/freemarker/2.3.30/freemarker-2.3.30.jar:/Users/sushrava.ks/.m2/repository/org/projectlombok/lombok/1.18.12/lombok-1.18.12.jar:/Users/sushrava.ks/.m2/repository/tech/grasshopper/extent-pdf-report/1.7.1/extent-pdf-report-1.7.1.jar:/Users/sushrava.ks/.m2/repository/tech/grasshopper/cucumber-pdf-report/2.2.1/cucumber-pdf-report-2.2.1.jar:/Users/sushrava.ks/.m2/repository/org/apache/pdfbox/pdfbox/2.0.22/pdfbox-2.0.22.jar:/Users/sushrava.ks/.m2/repository/org/apache/pdfbox/fontbox/2.0.22/fontbox-2.0.22.jar:/Users/sushrava.ks/.m2/repository/org/knowm/xchart/xchart/3.8.0/xchart-3.8.0.jar:/Users/sushrava.ks/.m2/repository/de/erichseifert/vectorgraphics2d/VectorGraphics2D/0.13/VectorGraphics2D-0.13.jar:/Users/sushrava.ks/.m2/repository/de/rototor/pdfbox/graphics2d/0.30/graphics2d-0.30.jar:/Users/sushrava.ks/.m2/repository/com/madgag/animated-gif-lib/1.4/animated-gif-lib-1.4.jar:/Users/sushrava.ks/.m2/repository/org/yaml/snakeyaml/1.28/snakeyaml-1.28.jar:/Users/sushrava.ks/.m2/repository/tech/grasshopper/table-layout/1.2.0/table-layout-1.2.0.jar:/Users/sushrava.ks/.m2/repository/com/aventstack/klov-reporter/5.0.6/klov-reporter-5.0.6.jar:/Users/sushrava.ks/.m2/repository/org/mongodb/bson/3.6.4/bson-3.6.4.jar:/Users/sushrava.ks/.m2/repository/org/apache/httpcomponents/httpmime/4.5.2/httpmime-4.5.2.jar:/Users/sushrava.ks/.m2/repository/org/mongodb/mongodb-driver/3.3.0/mongodb-driver-3.3.0.jar:/Users/sushrava.ks/.m2/repository/org/mongodb/mongodb-driver-core/3.3.0/mongodb-driver-core-3.3.0.jar:/Users/sushrava.ks/.m2/repository/log4j/log4j/1.2.17/log4j-1.2.17.jar:/Users/sushrava.ks/.m2/repository/io/appium/java-client/7.5.1/java-client-7.5.1.jar:/Users/sushrava.ks/.m2/repository/org/seleniumhq/selenium/selenium-java/3.141.59/selenium-java-3.141.59.jar:/Users/sushrava.ks/.m2/repository/org/seleniumhq/selenium/selenium-chrome-driver/3.141.59/selenium-chrome-driver-3.141.59.jar:/Users/sushrava.ks/.m2/repository/org/seleniumhq/selenium/selenium-edge-driver/3.141.59/selenium-edge-driver-3.141.59.jar:/Users/sushrava.ks/.m2/repository/org/seleniumhq/selenium/selenium-firefox-driver/3.141.59/selenium-firefox-driver-3.141.59.jar:/Users/sushrava.ks/.m2/repository/org/seleniumhq/selenium/selenium-ie-driver/3.141.59/selenium-ie-driver-3.141.59.jar:/Users/sushrava.ks/.m2/repository/org/seleniumhq/selenium/selenium-opera-driver/3.141.59/selenium-opera-driver-3.141.59.jar:/Users/sushrava.ks/.m2/repository/org/seleniumhq/selenium/selenium-remote-driver/3.141.59/selenium-remote-driver-3.141.59.jar:/Users/sushrava.ks/.m2/repository/org/seleniumhq/selenium/selenium-safari-driver/3.141.59/selenium-safari-driver-3.141.59.jar:/Users/sushrava.ks/.m2/repository/net/bytebuddy/byte-buddy/1.8.15/byte-buddy-1.8.15.jar:/Users/sushrava.ks/.m2/repository/org/apache/commons/commons-exec/1.3/commons-exec-1.3.jar:/Users/sushrava.ks/.m2/repository/com/google/guava/guava/25.0-jre/guava-25.0-jre.jar:/Users/sushrava.ks/.m2/repository/com/google/code/findbugs/jsr305/1.3.9/jsr305-1.3.9.jar:/Users/sushrava.ks/.m2/repository/org/checkerframework/checker-compat-qual/2.0.0/checker-compat-qual-2.0.0.jar:/Users/sushrava.ks/.m2/repository/com/google/errorprone/error_prone_annotations/2.1.3/error_prone_annotations-2.1.3.jar:/Users/sushrava.ks/.m2/repository/com/google/j2objc/j2objc-annotations/1.1/j2objc-annotations-1.1.jar:/Users/sushrava.ks/.m2/repository/org/codehaus/mojo/animal-sniffer-annotations/1.14/animal-sniffer-annotations-1.14.jar:/Users/sushrava.ks/.m2/repository/com/squareup/okhttp3/okhttp/3.11.0/okhttp-3.11.0.jar:/Users/sushrava.ks/.m2/repository/com/squareup/okio/okio/1.14.0/okio-1.14.0.jar:/Users/sushrava.ks/.m2/repository/org/seleniumhq/selenium/selenium-support/3.141.59/selenium-support-3.141.59.jar:/Users/sushrava.ks/.m2/repository/org/seleniumhq/selenium/selenium-api/3.141.59/selenium-api-3.141.59.jar:/Users/sushrava.ks/.m2/repository/com/google/code/gson/gson/2.8.6/gson-2.8.6.jar:/Users/sushrava.ks/.m2/repository/org/apache/httpcomponents/httpclient/4.5.13/httpclient-4.5.13.jar:/Users/sushrava.ks/.m2/repository/org/apache/httpcomponents/httpcore/4.4.13/httpcore-4.4.13.jar:/Users/sushrava.ks/.m2/repository/commons-logging/commons-logging/1.2/commons-logging-1.2.jar:/Users/sushrava.ks/.m2/repository/commons-codec/commons-codec/1.11/commons-codec-1.11.jar:/Users/sushrava.ks/.m2/repository/cglib/cglib/3.3.0/cglib-3.3.0.jar:/Users/sushrava.ks/.m2/repository/org/ow2/asm/asm/7.1/asm-7.1.jar:/Users/sushrava.ks/.m2/repository/commons-validator/commons-validator/1.7/commons-validator-1.7.jar:/Users/sushrava.ks/.m2/repository/commons-beanutils/commons-beanutils/1.9.4/commons-beanutils-1.9.4.jar:/Users/sushrava.ks/.m2/repository/commons-digester/commons-digester/2.1/commons-digester-2.1.jar:/Users/sushrava.ks/.m2/repository/commons-collections/commons-collections/3.2.2/commons-collections-3.2.2.jar:/Users/sushrava.ks/.m2/repository/org/apache/commons/commons-lang3/3.12.0/commons-lang3-3.12.0.jar:/Users/sushrava.ks/.m2/repository/commons-io/commons-io/2.8.0/commons-io-2.8.0.jar:/Users/sushrava.ks/.m2/repository/org/springframework/spring-context/5.3.4/spring-context-5.3.4.jar:/Users/sushrava.ks/.m2/repository/org/springframework/spring-aop/5.3.4/spring-aop-5.3.4.jar:/Users/sushrava.ks/.m2/repository/org/springframework/spring-beans/5.3.4/spring-beans-5.3.4.jar:/Users/sushrava.ks/.m2/repository/org/springframework/spring-core/5.3.4/spring-core-5.3.4.jar:/Users/sushrava.ks/.m2/repository/org/springframework/spring-jcl/5.3.4/spring-jcl-5.3.4.jar:/Users/sushrava.ks/.m2/repository/org/springframework/spring-expression/5.3.4/spring-expression-5.3.4.jar:/Users/sushrava.ks/.m2/repository/org/aspectj/aspectjweaver/1.9.6/aspectjweaver-1.9.6.jar:/Users/sushrava.ks/.m2/repository/org/slf4j/slf4j-api/1.7.30/slf4j-api-1.7.30.jar:/Users/sushrava.ks/.m2/repository/net/masterthought/cucumber-reporting/5.7.5/cucumber-reporting-5.7.5.jar:/Users/sushrava.ks/.m2/repository/com/fasterxml/jackson/core/jackson-databind/2.13.2.2/jackson-databind-2.13.2.2.jar:/Users/sushrava.ks/.m2/repository/com/fasterxml/jackson/core/jackson-annotations/2.13.2/jackson-annotations-2.13.2.jar:/Users/sushrava.ks/.m2/repository/com/fasterxml/jackson/core/jackson-core/2.13.2/jackson-core-2.13.2.jar:/Users/sushrava.ks/.m2/repository/com/fasterxml/jackson/datatype/jackson-datatype-jsr310/2.13.2/jackson-datatype-jsr310-2.13.2.jar:/Users/sushrava.ks/.m2/repository/org/apache/velocity/velocity-engine-core/2.3/velocity-engine-core-2.3.jar:/Users/sushrava.ks/.m2/repository/org/apache/commons/commons-collections4/4.4/commons-collections4-4.4.jar:/Users/sushrava.ks/.m2/repository/joda-time/joda-time/2.12.2/joda-time-2.12.2.jar:/Users/sushrava.ks/.m2/repository/org/codehaus/plexus/plexus-utils/3.5.0/plexus-utils-3.5.0.jar:/Users/sushrava.ks/.m2/repository/org/jsoup/jsoup/1.15.4/jsoup-1.15.4.jar:/Users/sushrava.ks/.m2/repository/com/googlecode/owasp-java-html-sanitizer/owasp-java-html-sanitizer/20220608.1/owasp-java-html-sanitizer-20220608.1.jar:/Users/sushrava.ks/.m2/repository/commons-configuration/commons-configuration/1.10/commons-configuration-1.10.jar:/Users/sushrava.ks/.m2/repository/commons-lang/commons-lang/2.6/commons-lang-2.6.jar:"/>
    <property name="sun.cpu.endian" value="little"/>
    <property name="user.home" value="/Users/sushrava.ks"/>
    <property name="user.language" value="en"/>
    <property name="java.specification.vendor" value="Oracle Corporation"/>
    <property name="java.home" value="/Library/Java/JavaVirtualMachines/jdk-1.8.jdk/Contents/Home/jre"/>
    <property name="basedir" value="/Users/sushrava.ks/Downloads/assinmentappium"/>
    <property name="file.separator" value="/"/>
    <property name="line.separator" value="&#10;"/>
    <property name="java.vm.specification.vendor" value="Oracle Corporation"/>
    <property name="java.specification.name" value="Java Platform API Specification"/>
    <property name="java.awt.graphicsenv" value="sun.awt.CGraphicsEnvironment"/>
    <property name="surefire.real.class.path" value="/Users/sushrava.ks/Downloads/assinmentappium/target/surefire/surefirebooter-20250128095932708_3.jar"/>
    <property name="sun.boot.class.path" value="/Library/Java/JavaVirtualMachines/jdk-1.8.jdk/Contents/Home/jre/lib/resources.jar:/Library/Java/JavaVirtualMachines/jdk-1.8.jdk/Contents/Home/jre/lib/rt.jar:/Library/Java/JavaVirtualMachines/jdk-1.8.jdk/Contents/Home/jre/lib/jsse.jar:/Library/Java/JavaVirtualMachines/jdk-1.8.jdk/Contents/Home/jre/lib/jce.jar:/Library/Java/JavaVirtualMachines/jdk-1.8.jdk/Contents/Home/jre/lib/charsets.jar:/Library/Java/JavaVirtualMachines/jdk-1.8.jdk/Contents/Home/jre/lib/jfr.jar:/Library/Java/JavaVirtualMachines/jdk-1.8.jdk/Contents/Home/jre/classes"/>
    <property name="sun.management.compiler" value="HotSpot 64-Bit Tiered Compilers"/>
    <property name="java.runtime.version" value="1.8.0_431-b10"/>
    <property name="user.name" value="sushrava.ks"/>
    <property name="path.separator" value=":"/>
    <property name="os.version" value="15.2"/>
    <property name="java.endorsed.dirs" value="/Library/Java/JavaVirtualMachines/jdk-1.8.jdk/Contents/Home/jre/lib/endorsed"/>
    <property name="java.runtime.name" value="Java(TM) SE Runtime Environment"/>
    <property name="file.encoding" value="UTF-8"/>
    <property name="java.vm.name" value="Java HotSpot(TM) 64-Bit Server VM"/>
    <property name="localRepository" value="/Users/sushrava.ks/.m2/repository"/>
    <property name="java.vendor.url.bug" value="http://bugreport.sun.com/bugreport/"/>
    <property name="java.io.tmpdir" value="/var/folders/7p/8y1t7zdd3x9fc881bnlwpx600000gn/T/"/>
    <property name="idea.version" value="2024.3.1.1"/>
    <property name="java.version" value="1.8.0_431"/>
    <property name="user.dir" value="/Users/sushrava.ks/Downloads/assinmentappium"/>
    <property name="os.arch" value="x86_64"/>
    <property name="java.vm.specification.name" value="Java Virtual Machine Specification"/>
    <property name="java.awt.printerjob" value="sun.lwawt.macosx.CPrinterJob"/>
    <property name="sun.os.patch.level" value="unknown"/>
    <property name="java.library.path" value="/Users/sushrava.ks/Library/Java/Extensions:/Library/Java/Extensions:/Network/Library/Java/Extensions:/System/Library/Java/Extensions:/usr/lib/java:."/>
    <property name="java.vm.info" value="mixed mode"/>
    <property name="java.vendor" value="Oracle Corporation"/>
    <property name="java.vm.version" value="25.431-b10"/>
    <property name="java.specification.maintenance.version" value="6"/>
    <property name="java.ext.dirs" value="/Users/sushrava.ks/Library/Java/Extensions:/Library/Java/JavaVirtualMachines/jdk-1.8.jdk/Contents/Home/jre/lib/ext:/Library/Java/Extensions:/Network/Library/Java/Extensions:/System/Library/Java/Extensions:/usr/lib/java"/>
    <property name="sun.io.unicode.encoding" value="UnicodeBig"/>
    <property name="java.class.version" value="52.0"/>
  </properties>
  <testcase name="runScenario[&quot;Verify user can successfully complete a purchase&quot;, &quot;Optional[Purchase Flow]&quot;](1)" classname="runner.TestsRunner" time="53.534">
    <system-out><![CDATA[Appium Server Started
Started Appium server. 

@mercari
Scenario: Verify user can successfully complete a purchase                              # Features/PurchaseFlow.feature:4

[ERROR] Unrecognized arguments: --chromedriver-port 4723 --bootstrap-port 4723
  Given the user logs in with valid credentials                                         # steps.PurchaseTestStep.theUserLogsInWithValidCredentials()
First Item Added to Cart
Second Item Added to Cart
2
  When the user adds the first and second items to the cart                             # steps.PurchaseTestStep.theUserAddsItemsToCart()
Address Input Screen
  And the user proceeds to checkout and enters address details                          # steps.PurchaseTestStep.theUserProceedsToCheckout()
Order placed successfully: THANK YOU FOR YOU ORDER
  Then the user should see the checkout overview and complete the purchase successfully # steps.PurchaseTestStep.theUserShouldCompletePurchaseSuccessfully()
2025-01-28 10:00:27 INFO  Log:18 - XXXXXXXXXXXXXXXXXXXXXXX             -E---N---D-             XXXXXXXXXXXXXXXXXXXXXX
2025-01-28 10:00:27 INFO  Log:19 - X
2025-01-28 10:00:27 INFO  Log:20 - X
2025-01-28 10:00:27 INFO  Log:21 - X
2025-01-28 10:00:27 INFO  Log:22 - X
]]></system-out>
    <system-err><![CDATA[SLF4J: Failed to load class "org.slf4j.impl.StaticLoggerBinder".
SLF4J: Defaulting to no-operation (NOP) logger implementation
SLF4J: See http://www.slf4j.org/codes.html#StaticLoggerBinder for further details.
Jan 28, 2025 9:59:44 AM io.appium.java_client.remote.AppiumCommandExecutor$1 lambda$0
INFO: Detected dialect: W3C
Jan 28, 2025 10:00:08 AM org.example.basePage.BaseScreen waitForPageToLoad
INFO: Transitioned to Cart Page successfully.
Jan 28, 2025 10:00:24 AM org.example.basePage.BaseScreen waitForPageToLoad
INFO: Transitioned to Checkout Overview Screen successfully.
Jan 28, 2025 10:00:27 AM org.example.basePage.BaseScreen waitForPageToLoad
INFO: Transitioned to Confirm Purchase Screen successfully.
]]></system-err>
  </testcase>
</testsuite>