<?xml version="1.0" encoding="UTF-8"?>
<!-- Generated by org.testng.reporters.JUnitReportReporter -->
<testsuite skipped="0" hostname="IN-C02FD1T9ML7H" name="runner.TestsRunner" tests="1" failures="0" timestamp="2025-01-28T10:00:34 IST" time="53.536" errors="0">
  <testcase name="runScenario" time="53.536" classname="runner.TestsRunner"/>
</testsuite> <!-- runner.TestsRunner -->
